Determining if the pthread_create exist failed with the following output:
Change Dir: /home/zyr/yolo_ros/build/CMakeFiles/CMakeTmp

Run Build Command:"/usr/bin/make" "cmTC_06469/fast"
/usr/bin/make -f CMakeFiles/cmTC_06469.dir/build.make CMakeFiles/cmTC_06469.dir/build
make[1]: 进入目录“/home/zyr/yolo_ros/build/CMakeFiles/CMakeTmp”
Building C object CMakeFiles/cmTC_06469.dir/CheckSymbolExists.c.o
/home/zyr/anaconda3/bin/x86_64-conda-linux-gnu-cc   -march=nocona -mtune=haswell -ftree-vectorize -fPIC -fstack-protector-strong -fno-plt -O2 -ffunction-sections -pipe -isystem /home/zyr/anaconda3/include    -o CMakeFiles/cmTC_06469.dir/CheckSymbolExists.c.o   -c /home/zyr/yolo_ros/build/CMakeFiles/CMakeTmp/CheckSymbolExists.c
Linking C executable cmTC_06469
/usr/bin/cmake -E cmake_link_script CMakeFiles/cmTC_06469.dir/link.txt --verbose=1
/home/zyr/anaconda3/bin/x86_64-conda-linux-gnu-cc -march=nocona -mtune=haswell -ftree-vectorize -fPIC -fstack-protector-strong -fno-plt -O2 -ffunction-sections -pipe -isystem /home/zyr/anaconda3/include   -Wl,-O2 -Wl,--sort-common -Wl,--as-needed -Wl,-z,relro -Wl,-z,now -Wl,--disable-new-dtags -Wl,--gc-sections -Wl,-rpath,/home/zyr/anaconda3/lib -Wl,-rpath-link,/home/zyr/anaconda3/lib -L/home/zyr/anaconda3/lib  -rdynamic CMakeFiles/cmTC_06469.dir/CheckSymbolExists.c.o  -o cmTC_06469 
/home/zyr/anaconda3/bin/../lib/gcc/x86_64-conda-linux-gnu/11.2.0/../../../../x86_64-conda-linux-gnu/bin/ld: CMakeFiles/cmTC_06469.dir/CheckSymbolExists.c.o: in function `main':
CheckSymbolExists.c:(.text.startup.main+0x3): undefined reference to `pthread_create'
collect2: error: ld returned 1 exit status
CMakeFiles/cmTC_06469.dir/build.make:97: recipe for target 'cmTC_06469' failed
make[1]: *** [cmTC_06469] Error 1
make[1]: 离开目录“/home/zyr/yolo_ros/build/CMakeFiles/CMakeTmp”
Makefile:126: recipe for target 'cmTC_06469/fast' failed
make: *** [cmTC_06469/fast] Error 2

File /home/zyr/yolo_ros/build/CMakeFiles/CMakeTmp/CheckSymbolExists.c:
/* */
#include <pthread.h>

int main(int argc, char** argv)
{
  (void)argv;
#ifndef pthread_create
  return ((int*)(&pthread_create))[argc];
#else
  (void)argc;
  return 0;
#endif
}

Determining if the function pthread_create exists in the pthreads failed with the following output:
Change Dir: /home/zyr/yolo_ros/build/CMakeFiles/CMakeTmp

Run Build Command:"/usr/bin/make" "cmTC_2cd85/fast"
/usr/bin/make -f CMakeFiles/cmTC_2cd85.dir/build.make CMakeFiles/cmTC_2cd85.dir/build
make[1]: 进入目录“/home/zyr/yolo_ros/build/CMakeFiles/CMakeTmp”
Building C object CMakeFiles/cmTC_2cd85.dir/CheckFunctionExists.c.o
/home/zyr/anaconda3/bin/x86_64-conda-linux-gnu-cc   -march=nocona -mtune=haswell -ftree-vectorize -fPIC -fstack-protector-strong -fno-plt -O2 -ffunction-sections -pipe -isystem /home/zyr/anaconda3/include -DCHECK_FUNCTION_EXISTS=pthread_create   -o CMakeFiles/cmTC_2cd85.dir/CheckFunctionExists.c.o   -c /usr/share/cmake-3.10/Modules/CheckFunctionExists.c
Linking C executable cmTC_2cd85
/usr/bin/cmake -E cmake_link_script CMakeFiles/cmTC_2cd85.dir/link.txt --verbose=1
/home/zyr/anaconda3/bin/x86_64-conda-linux-gnu-cc -march=nocona -mtune=haswell -ftree-vectorize -fPIC -fstack-protector-strong -fno-plt -O2 -ffunction-sections -pipe -isystem /home/zyr/anaconda3/include -DCHECK_FUNCTION_EXISTS=pthread_create  -Wl,-O2 -Wl,--sort-common -Wl,--as-needed -Wl,-z,relro -Wl,-z,now -Wl,--disable-new-dtags -Wl,--gc-sections -Wl,-rpath,/home/zyr/anaconda3/lib -Wl,-rpath-link,/home/zyr/anaconda3/lib -L/home/zyr/anaconda3/lib  -rdynamic CMakeFiles/cmTC_2cd85.dir/CheckFunctionExists.c.o  -o cmTC_2cd85 -lpthreads 
/home/zyr/anaconda3/bin/../lib/gcc/x86_64-conda-linux-gnu/11.2.0/../../../../x86_64-conda-linux-gnu/bin/ld: cannot find -lpthreads: 没有那个文件或目录
collect2: error: ld returned 1 exit status
CMakeFiles/cmTC_2cd85.dir/build.make:97: recipe for target 'cmTC_2cd85' failed
make[1]: *** [cmTC_2cd85] Error 1
make[1]: 离开目录“/home/zyr/yolo_ros/build/CMakeFiles/CMakeTmp”
Makefile:126: recipe for target 'cmTC_2cd85/fast' failed
make: *** [cmTC_2cd85/fast] Error 2


