The system is: Linux - 5.4.0-150-generic - x86_64
Compiling the C compiler identification source file "CMakeCCompilerId.c" succeeded.
Compiler: /home/zyr/anaconda3/bin/x86_64-conda-linux-gnu-cc 
Build flags: -march=nocona;-mtune=haswell;-ftree-vectorize;-fPIC;-fstack-protector-strong;-fno-plt;-O2;-ffunction-sections;-pipe;-isystem;/home/zyr/anaconda3/include
Id flags:  

The output was:
0


Compilation of the C compiler identification source "CMakeCCompilerId.c" produced "a.out"

The C compiler identification is GNU, found in "/home/zyr/yolo_ros/build/CMakeFiles/3.10.2/CompilerIdC/a.out"

Compiling the CXX compiler identification source file "CMakeCXXCompilerId.cpp" succeeded.
Compiler: /home/zyr/anaconda3/bin/x86_64-conda-linux-gnu-c++ 
Build flags: -fvisibility-inlines-hidden;-std=c++17;-fmessage-length=0;-march=nocona;-mtune=haswell;-ftree-vectorize;-fPIC;-fstack-protector-strong;-fno-plt;-O2;-ffunction-sections;-pipe;-isystem;/home/zyr/anaconda3/include
Id flags:  

The output was:
0


Compilation of the CXX compiler identification source "CMakeCXXCompilerId.cpp" produced "a.out"

The CXX compiler identification is GNU, found in "/home/zyr/yolo_ros/build/CMakeFiles/3.10.2/CompilerIdCXX/a.out"

Determining if the C compiler works passed with the following output:
Change Dir: /home/zyr/yolo_ros/build/CMakeFiles/CMakeTmp

Run Build Command:"/usr/bin/make" "cmTC_2edab/fast"
/usr/bin/make -f CMakeFiles/cmTC_2edab.dir/build.make CMakeFiles/cmTC_2edab.dir/build
make[1]: 进入目录“/home/zyr/yolo_ros/build/CMakeFiles/CMakeTmp”
Building C object CMakeFiles/cmTC_2edab.dir/testCCompiler.c.o
/home/zyr/anaconda3/bin/x86_64-conda-linux-gnu-cc   -march=nocona -mtune=haswell -ftree-vectorize -fPIC -fstack-protector-strong -fno-plt -O2 -ffunction-sections -pipe -isystem /home/zyr/anaconda3/include    -o CMakeFiles/cmTC_2edab.dir/testCCompiler.c.o   -c /home/zyr/yolo_ros/build/CMakeFiles/CMakeTmp/testCCompiler.c
Linking C executable cmTC_2edab
/usr/bin/cmake -E cmake_link_script CMakeFiles/cmTC_2edab.dir/link.txt --verbose=1
/home/zyr/anaconda3/bin/x86_64-conda-linux-gnu-cc -march=nocona -mtune=haswell -ftree-vectorize -fPIC -fstack-protector-strong -fno-plt -O2 -ffunction-sections -pipe -isystem /home/zyr/anaconda3/include   -Wl,-O2 -Wl,--sort-common -Wl,--as-needed -Wl,-z,relro -Wl,-z,now -Wl,--disable-new-dtags -Wl,--gc-sections -Wl,-rpath,/home/zyr/anaconda3/lib -Wl,-rpath-link,/home/zyr/anaconda3/lib -L/home/zyr/anaconda3/lib  -rdynamic CMakeFiles/cmTC_2edab.dir/testCCompiler.c.o  -o cmTC_2edab 
make[1]: 离开目录“/home/zyr/yolo_ros/build/CMakeFiles/CMakeTmp”


Detecting C compiler ABI info compiled with the following output:
Change Dir: /home/zyr/yolo_ros/build/CMakeFiles/CMakeTmp

Run Build Command:"/usr/bin/make" "cmTC_c9a5f/fast"
/usr/bin/make -f CMakeFiles/cmTC_c9a5f.dir/build.make CMakeFiles/cmTC_c9a5f.dir/build
make[1]: 进入目录“/home/zyr/yolo_ros/build/CMakeFiles/CMakeTmp”
Building C object CMakeFiles/cmTC_c9a5f.dir/CMakeCCompilerABI.c.o
/home/zyr/anaconda3/bin/x86_64-conda-linux-gnu-cc   -march=nocona -mtune=haswell -ftree-vectorize -fPIC -fstack-protector-strong -fno-plt -O2 -ffunction-sections -pipe -isystem /home/zyr/anaconda3/include    -o CMakeFiles/cmTC_c9a5f.dir/CMakeCCompilerABI.c.o   -c /usr/share/cmake-3.10/Modules/CMakeCCompilerABI.c
Linking C executable cmTC_c9a5f
/usr/bin/cmake -E cmake_link_script CMakeFiles/cmTC_c9a5f.dir/link.txt --verbose=1
/home/zyr/anaconda3/bin/x86_64-conda-linux-gnu-cc -march=nocona -mtune=haswell -ftree-vectorize -fPIC -fstack-protector-strong -fno-plt -O2 -ffunction-sections -pipe -isystem /home/zyr/anaconda3/include   -Wl,-O2 -Wl,--sort-common -Wl,--as-needed -Wl,-z,relro -Wl,-z,now -Wl,--disable-new-dtags -Wl,--gc-sections -Wl,-rpath,/home/zyr/anaconda3/lib -Wl,-rpath-link,/home/zyr/anaconda3/lib -L/home/zyr/anaconda3/lib -v -rdynamic CMakeFiles/cmTC_c9a5f.dir/CMakeCCompilerABI.c.o  -o cmTC_c9a5f 
Reading specs from /home/zyr/anaconda3/bin/../lib/gcc/x86_64-conda-linux-gnu/11.2.0/specs
COLLECT_GCC=/home/zyr/anaconda3/bin/x86_64-conda-linux-gnu-cc
COLLECT_LTO_WRAPPER=/home/zyr/anaconda3/bin/../libexec/gcc/x86_64-conda-linux-gnu/11.2.0/lto-wrapper
Target: x86_64-conda-linux-gnu
Configured with: /opt/conda/conda-bld/gcc-compiler_1654084175708/work/gcc/configure --build=x86_64-build_conda-linux-gnu --host=x86_64-build_conda-linux-gnu --target=x86_64-conda-linux-gnu --prefix=/opt/conda/conda-bld/gcc-compiler_1654084175708/work/gcc_built --exec_prefix=/opt/conda/conda-bld/gcc-compiler_1654084175708/work/gcc_built --with-sysroot=/opt/conda/conda-bld/gcc-compiler_1654084175708/work/gcc_built/x86_64-conda-linux-gnu/sysroot --with-local-prefix=/opt/conda/conda-bld/gcc-compiler_1654084175708/work/gcc_built/x86_64-conda-linux-gnu/sysroot --enable-long-long --disable-multilib --disable-nls --with-gmp=/opt/conda/conda-bld/gcc-compiler_1654084175708/work/buildtools --with-mpfr=/opt/conda/conda-bld/gcc-compiler_1654084175708/work/buildtools --with-mpc=/opt/conda/conda-bld/gcc-compiler_1654084175708/work/buildtools --with-isl=/opt/conda/conda-bld/gcc-compiler_1654084175708/work/buildtools --without-zstd --enable-languages=c,c++,fortran,objc,obj-c++ --enable-__cxa_atexit --disable-libmudflap --enable-libgomp --enable-libquadmath --enable-libquadmath-support --enable-libsanitizer --disable-libstdcxx-verbose --enable-lto --enable-libcc1 --enable-threads=posix --enable-plugin --with-pkgversion='Anaconda gcc' --enable-libmpx
Thread model: posix
Supported LTO compression algorithms: zlib
gcc version 11.2.0 (Anaconda gcc) 
COMPILER_PATH=/home/zyr/anaconda3/bin/../libexec/gcc/x86_64-conda-linux-gnu/11.2.0/:/home/zyr/anaconda3/bin/../libexec/gcc/:/home/zyr/anaconda3/bin/../lib/gcc/x86_64-conda-linux-gnu/11.2.0/../../../../x86_64-conda-linux-gnu/bin/
LIBRARY_PATH=/home/zyr/anaconda3/bin/../lib/gcc/x86_64-conda-linux-gnu/11.2.0/:/home/zyr/anaconda3/bin/../lib/gcc/:/home/zyr/anaconda3/bin/../lib/gcc/x86_64-conda-linux-gnu/11.2.0/../../../../x86_64-conda-linux-gnu/lib/../lib64/:/home/zyr/anaconda3/bin/../x86_64-conda-linux-gnu/sysroot/lib/../lib64/:/home/zyr/anaconda3/bin/../x86_64-conda-linux-gnu/sysroot/usr/lib/../lib64/:/home/zyr/anaconda3/bin/../lib/gcc/x86_64-conda-linux-gnu/11.2.0/../../../../x86_64-conda-linux-gnu/lib/:/home/zyr/anaconda3/bin/../x86_64-conda-linux-gnu/sysroot/lib/:/home/zyr/anaconda3/bin/../x86_64-conda-linux-gnu/sysroot/usr/lib/
COLLECT_GCC_OPTIONS='-march=nocona' '-mtune=haswell' '-ftree-vectorize' '-fPIC' '-fstack-protector-strong' '-fno-plt' '-O2' '-ffunction-sections' '-pipe' '-isystem' '/home/zyr/anaconda3/include' '-L/home/zyr/anaconda3/lib' '-v' '-rdynamic' '-o' 'cmTC_c9a5f' '-dumpdir' 'cmTC_c9a5f.'
 /home/zyr/anaconda3/bin/../libexec/gcc/x86_64-conda-linux-gnu/11.2.0/collect2 -plugin /home/zyr/anaconda3/bin/../libexec/gcc/x86_64-conda-linux-gnu/11.2.0/liblto_plugin.so -plugin-opt=/home/zyr/anaconda3/bin/../libexec/gcc/x86_64-conda-linux-gnu/11.2.0/lto-wrapper -plugin-opt=-fresolution=/tmp/ccIUo3bI.res -plugin-opt=-pass-through=-lgcc -plugin-opt=-pass-through=-lgcc_s -plugin-opt=-pass-through=-lc -plugin-opt=-pass-through=-lgcc -plugin-opt=-pass-through=-lgcc_s --sysroot=/home/zyr/anaconda3/bin/../x86_64-conda-linux-gnu/sysroot --eh-frame-hdr -m elf_x86_64 -export-dynamic -dynamic-linker /lib64/ld-linux-x86-64.so.2 -o cmTC_c9a5f /home/zyr/anaconda3/bin/../x86_64-conda-linux-gnu/sysroot/usr/lib/../lib64/crt1.o /home/zyr/anaconda3/bin/../x86_64-conda-linux-gnu/sysroot/usr/lib/../lib64/crti.o /home/zyr/anaconda3/bin/../lib/gcc/x86_64-conda-linux-gnu/11.2.0/crtbegin.o -L/home/zyr/anaconda3/lib -L/home/zyr/anaconda3/bin/../lib/gcc/x86_64-conda-linux-gnu/11.2.0 -L/home/zyr/anaconda3/bin/../lib/gcc -L/home/zyr/anaconda3/bin/../lib/gcc/x86_64-conda-linux-gnu/11.2.0/../../../../x86_64-conda-linux-gnu/lib/../lib64 -L/home/zyr/anaconda3/bin/../x86_64-conda-linux-gnu/sysroot/lib/../lib64 -L/home/zyr/anaconda3/bin/../x86_64-conda-linux-gnu/sysroot/usr/lib/../lib64 -L/home/zyr/anaconda3/bin/../lib/gcc/x86_64-conda-linux-gnu/11.2.0/../../../../x86_64-conda-linux-gnu/lib -L/home/zyr/anaconda3/bin/../x86_64-conda-linux-gnu/sysroot/lib -L/home/zyr/anaconda3/bin/../x86_64-conda-linux-gnu/sysroot/usr/lib -rpath /home/zyr/anaconda3/lib -O2 --sort-common --as-needed -z relro -z now --disable-new-dtags --gc-sections -rpath /home/zyr/anaconda3/lib -rpath-link /home/zyr/anaconda3/lib CMakeFiles/cmTC_c9a5f.dir/CMakeCCompilerABI.c.o -lgcc --push-state --as-needed -lgcc_s --pop-state -lc -lgcc --push-state --as-needed -lgcc_s --pop-state /home/zyr/anaconda3/bin/../lib/gcc/x86_64-conda-linux-gnu/11.2.0/crtend.o /home/zyr/anaconda3/bin/../x86_64-conda-linux-gnu/sysroot/usr/lib/../lib64/crtn.o
COLLECT_GCC_OPTIONS='-march=nocona' '-mtune=haswell' '-ftree-vectorize' '-fPIC' '-fstack-protector-strong' '-fno-plt' '-O2' '-ffunction-sections' '-pipe' '-isystem' '/home/zyr/anaconda3/include' '-L/home/zyr/anaconda3/lib' '-v' '-rdynamic' '-o' 'cmTC_c9a5f' '-dumpdir' 'cmTC_c9a5f.'
make[1]: 离开目录“/home/zyr/yolo_ros/build/CMakeFiles/CMakeTmp”


Parsed C implicit link information from above output:
  link line regex: [^( *|.*[/\])(ld|CMAKE_LINK_STARTFILE-NOTFOUND|([^/\]+-)?ld|collect2)[^/\]*( |$)]
  ignore line: [Change Dir: /home/zyr/yolo_ros/build/CMakeFiles/CMakeTmp]
  ignore line: []
  ignore line: [Run Build Command:"/usr/bin/make" "cmTC_c9a5f/fast"]
  ignore line: [/usr/bin/make -f CMakeFiles/cmTC_c9a5f.dir/build.make CMakeFiles/cmTC_c9a5f.dir/build]
  ignore line: [make[1]: 进入目录“/home/zyr/yolo_ros/build/CMakeFiles/CMakeTmp”]
  ignore line: [Building C object CMakeFiles/cmTC_c9a5f.dir/CMakeCCompilerABI.c.o]
  ignore line: [/home/zyr/anaconda3/bin/x86_64-conda-linux-gnu-cc   -march=nocona -mtune=haswell -ftree-vectorize -fPIC -fstack-protector-strong -fno-plt -O2 -ffunction-sections -pipe -isystem /home/zyr/anaconda3/include    -o CMakeFiles/cmTC_c9a5f.dir/CMakeCCompilerABI.c.o   -c /usr/share/cmake-3.10/Modules/CMakeCCompilerABI.c]
  ignore line: [Linking C executable cmTC_c9a5f]
  ignore line: [/usr/bin/cmake -E cmake_link_script CMakeFiles/cmTC_c9a5f.dir/link.txt --verbose=1]
  ignore line: [/home/zyr/anaconda3/bin/x86_64-conda-linux-gnu-cc -march=nocona -mtune=haswell -ftree-vectorize -fPIC -fstack-protector-strong -fno-plt -O2 -ffunction-sections -pipe -isystem /home/zyr/anaconda3/include   -Wl,-O2 -Wl,--sort-common -Wl,--as-needed -Wl,-z,relro -Wl,-z,now -Wl,--disable-new-dtags -Wl,--gc-sections -Wl,-rpath,/home/zyr/anaconda3/lib -Wl,-rpath-link,/home/zyr/anaconda3/lib -L/home/zyr/anaconda3/lib -v -rdynamic CMakeFiles/cmTC_c9a5f.dir/CMakeCCompilerABI.c.o  -o cmTC_c9a5f ]
  ignore line: [Reading specs from /home/zyr/anaconda3/bin/../lib/gcc/x86_64-conda-linux-gnu/11.2.0/specs]
  ignore line: [COLLECT_GCC=/home/zyr/anaconda3/bin/x86_64-conda-linux-gnu-cc]
  ignore line: [COLLECT_LTO_WRAPPER=/home/zyr/anaconda3/bin/../libexec/gcc/x86_64-conda-linux-gnu/11.2.0/lto-wrapper]
  ignore line: [Target: x86_64-conda-linux-gnu]
  ignore line: [Configured with: /opt/conda/conda-bld/gcc-compiler_1654084175708/work/gcc/configure --build=x86_64-build_conda-linux-gnu --host=x86_64-build_conda-linux-gnu --target=x86_64-conda-linux-gnu --prefix=/opt/conda/conda-bld/gcc-compiler_1654084175708/work/gcc_built --exec_prefix=/opt/conda/conda-bld/gcc-compiler_1654084175708/work/gcc_built --with-sysroot=/opt/conda/conda-bld/gcc-compiler_1654084175708/work/gcc_built/x86_64-conda-linux-gnu/sysroot --with-local-prefix=/opt/conda/conda-bld/gcc-compiler_1654084175708/work/gcc_built/x86_64-conda-linux-gnu/sysroot --enable-long-long --disable-multilib --disable-nls --with-gmp=/opt/conda/conda-bld/gcc-compiler_1654084175708/work/buildtools --with-mpfr=/opt/conda/conda-bld/gcc-compiler_1654084175708/work/buildtools --with-mpc=/opt/conda/conda-bld/gcc-compiler_1654084175708/work/buildtools --with-isl=/opt/conda/conda-bld/gcc-compiler_1654084175708/work/buildtools --without-zstd --enable-languages=c,c++,fortran,objc,obj-c++ --enable-__cxa_atexit --disable-libmudflap --enable-libgomp --enable-libquadmath --enable-libquadmath-support --enable-libsanitizer --disable-libstdcxx-verbose --enable-lto --enable-libcc1 --enable-threads=posix --enable-plugin --with-pkgversion='Anaconda gcc' --enable-libmpx]
  ignore line: [Thread model: posix]
  ignore line: [Supported LTO compression algorithms: zlib]
  ignore line: [gcc version 11.2.0 (Anaconda gcc) ]
  ignore line: [COMPILER_PATH=/home/zyr/anaconda3/bin/../libexec/gcc/x86_64-conda-linux-gnu/11.2.0/:/home/zyr/anaconda3/bin/../libexec/gcc/:/home/zyr/anaconda3/bin/../lib/gcc/x86_64-conda-linux-gnu/11.2.0/../../../../x86_64-conda-linux-gnu/bin/]
  ignore line: [LIBRARY_PATH=/home/zyr/anaconda3/bin/../lib/gcc/x86_64-conda-linux-gnu/11.2.0/:/home/zyr/anaconda3/bin/../lib/gcc/:/home/zyr/anaconda3/bin/../lib/gcc/x86_64-conda-linux-gnu/11.2.0/../../../../x86_64-conda-linux-gnu/lib/../lib64/:/home/zyr/anaconda3/bin/../x86_64-conda-linux-gnu/sysroot/lib/../lib64/:/home/zyr/anaconda3/bin/../x86_64-conda-linux-gnu/sysroot/usr/lib/../lib64/:/home/zyr/anaconda3/bin/../lib/gcc/x86_64-conda-linux-gnu/11.2.0/../../../../x86_64-conda-linux-gnu/lib/:/home/zyr/anaconda3/bin/../x86_64-conda-linux-gnu/sysroot/lib/:/home/zyr/anaconda3/bin/../x86_64-conda-linux-gnu/sysroot/usr/lib/]
  ignore line: [COLLECT_GCC_OPTIONS='-march=nocona' '-mtune=haswell' '-ftree-vectorize' '-fPIC' '-fstack-protector-strong' '-fno-plt' '-O2' '-ffunction-sections' '-pipe' '-isystem' '/home/zyr/anaconda3/include' '-L/home/zyr/anaconda3/lib' '-v' '-rdynamic' '-o' 'cmTC_c9a5f' '-dumpdir' 'cmTC_c9a5f.']
  link line: [ /home/zyr/anaconda3/bin/../libexec/gcc/x86_64-conda-linux-gnu/11.2.0/collect2 -plugin /home/zyr/anaconda3/bin/../libexec/gcc/x86_64-conda-linux-gnu/11.2.0/liblto_plugin.so -plugin-opt=/home/zyr/anaconda3/bin/../libexec/gcc/x86_64-conda-linux-gnu/11.2.0/lto-wrapper -plugin-opt=-fresolution=/tmp/ccIUo3bI.res -plugin-opt=-pass-through=-lgcc -plugin-opt=-pass-through=-lgcc_s -plugin-opt=-pass-through=-lc -plugin-opt=-pass-through=-lgcc -plugin-opt=-pass-through=-lgcc_s --sysroot=/home/zyr/anaconda3/bin/../x86_64-conda-linux-gnu/sysroot --eh-frame-hdr -m elf_x86_64 -export-dynamic -dynamic-linker /lib64/ld-linux-x86-64.so.2 -o cmTC_c9a5f /home/zyr/anaconda3/bin/../x86_64-conda-linux-gnu/sysroot/usr/lib/../lib64/crt1.o /home/zyr/anaconda3/bin/../x86_64-conda-linux-gnu/sysroot/usr/lib/../lib64/crti.o /home/zyr/anaconda3/bin/../lib/gcc/x86_64-conda-linux-gnu/11.2.0/crtbegin.o -L/home/zyr/anaconda3/lib -L/home/zyr/anaconda3/bin/../lib/gcc/x86_64-conda-linux-gnu/11.2.0 -L/home/zyr/anaconda3/bin/../lib/gcc -L/home/zyr/anaconda3/bin/../lib/gcc/x86_64-conda-linux-gnu/11.2.0/../../../../x86_64-conda-linux-gnu/lib/../lib64 -L/home/zyr/anaconda3/bin/../x86_64-conda-linux-gnu/sysroot/lib/../lib64 -L/home/zyr/anaconda3/bin/../x86_64-conda-linux-gnu/sysroot/usr/lib/../lib64 -L/home/zyr/anaconda3/bin/../lib/gcc/x86_64-conda-linux-gnu/11.2.0/../../../../x86_64-conda-linux-gnu/lib -L/home/zyr/anaconda3/bin/../x86_64-conda-linux-gnu/sysroot/lib -L/home/zyr/anaconda3/bin/../x86_64-conda-linux-gnu/sysroot/usr/lib -rpath /home/zyr/anaconda3/lib -O2 --sort-common --as-needed -z relro -z now --disable-new-dtags --gc-sections -rpath /home/zyr/anaconda3/lib -rpath-link /home/zyr/anaconda3/lib CMakeFiles/cmTC_c9a5f.dir/CMakeCCompilerABI.c.o -lgcc --push-state --as-needed -lgcc_s --pop-state -lc -lgcc --push-state --as-needed -lgcc_s --pop-state /home/zyr/anaconda3/bin/../lib/gcc/x86_64-conda-linux-gnu/11.2.0/crtend.o /home/zyr/anaconda3/bin/../x86_64-conda-linux-gnu/sysroot/usr/lib/../lib64/crtn.o]
    arg [/home/zyr/anaconda3/bin/../libexec/gcc/x86_64-conda-linux-gnu/11.2.0/collect2] ==> ignore
    arg [-plugin] ==> ignore
    arg [/home/zyr/anaconda3/bin/../libexec/gcc/x86_64-conda-linux-gnu/11.2.0/liblto_plugin.so] ==> ignore
    arg [-plugin-opt=/home/zyr/anaconda3/bin/../libexec/gcc/x86_64-conda-linux-gnu/11.2.0/lto-wrapper] ==> ignore
    arg [-plugin-opt=-fresolution=/tmp/ccIUo3bI.res] ==> ignore
    arg [-plugin-opt=-pass-through=-lgcc] ==> ignore
    arg [-plugin-opt=-pass-through=-lgcc_s] ==> ignore
    arg [-plugin-opt=-pass-through=-lc] ==> ignore
    arg [-plugin-opt=-pass-through=-lgcc] ==> ignore
    arg [-plugin-opt=-pass-through=-lgcc_s] ==> ignore
    arg [--sysroot=/home/zyr/anaconda3/bin/../x86_64-conda-linux-gnu/sysroot] ==> ignore
    arg [--eh-frame-hdr] ==> ignore
    arg [-m] ==> ignore
    arg [elf_x86_64] ==> ignore
    arg [-export-dynamic] ==> ignore
    arg [-dynamic-linker] ==> ignore
    arg [/lib64/ld-linux-x86-64.so.2] ==> ignore
    arg [-o] ==> ignore
    arg [cmTC_c9a5f] ==> ignore
    arg [/home/zyr/anaconda3/bin/../x86_64-conda-linux-gnu/sysroot/usr/lib/../lib64/crt1.o] ==> ignore
    arg [/home/zyr/anaconda3/bin/../x86_64-conda-linux-gnu/sysroot/usr/lib/../lib64/crti.o] ==> ignore
    arg [/home/zyr/anaconda3/bin/../lib/gcc/x86_64-conda-linux-gnu/11.2.0/crtbegin.o] ==> ignore
    arg [-L/home/zyr/anaconda3/lib] ==> dir [/home/zyr/anaconda3/lib]
    arg [-L/home/zyr/anaconda3/bin/../lib/gcc/x86_64-conda-linux-gnu/11.2.0] ==> dir [/home/zyr/anaconda3/bin/../lib/gcc/x86_64-conda-linux-gnu/11.2.0]
    arg [-L/home/zyr/anaconda3/bin/../lib/gcc] ==> dir [/home/zyr/anaconda3/bin/../lib/gcc]
    arg [-L/home/zyr/anaconda3/bin/../lib/gcc/x86_64-conda-linux-gnu/11.2.0/../../../../x86_64-conda-linux-gnu/lib/../lib64] ==> dir [/home/zyr/anaconda3/bin/../lib/gcc/x86_64-conda-linux-gnu/11.2.0/../../../../x86_64-conda-linux-gnu/lib/../lib64]
    arg [-L/home/zyr/anaconda3/bin/../x86_64-conda-linux-gnu/sysroot/lib/../lib64] ==> dir [/home/zyr/anaconda3/bin/../x86_64-conda-linux-gnu/sysroot/lib/../lib64]
    arg [-L/home/zyr/anaconda3/bin/../x86_64-conda-linux-gnu/sysroot/usr/lib/../lib64] ==> dir [/home/zyr/anaconda3/bin/../x86_64-conda-linux-gnu/sysroot/usr/lib/../lib64]
    arg [-L/home/zyr/anaconda3/bin/../lib/gcc/x86_64-conda-linux-gnu/11.2.0/../../../../x86_64-conda-linux-gnu/lib] ==> dir [/home/zyr/anaconda3/bin/../lib/gcc/x86_64-conda-linux-gnu/11.2.0/../../../../x86_64-conda-linux-gnu/lib]
    arg [-L/home/zyr/anaconda3/bin/../x86_64-conda-linux-gnu/sysroot/lib] ==> dir [/home/zyr/anaconda3/bin/../x86_64-conda-linux-gnu/sysroot/lib]
    arg [-L/home/zyr/anaconda3/bin/../x86_64-conda-linux-gnu/sysroot/usr/lib] ==> dir [/home/zyr/anaconda3/bin/../x86_64-conda-linux-gnu/sysroot/usr/lib]
    arg [-rpath] ==> ignore
    arg [/home/zyr/anaconda3/lib] ==> ignore
    arg [-O2] ==> ignore
    arg [--sort-common] ==> ignore
    arg [--as-needed] ==> ignore
    arg [-zrelro] ==> ignore
    arg [-znow] ==> ignore
    arg [--disable-new-dtags] ==> ignore
    arg [--gc-sections] ==> ignore
    arg [-rpath] ==> ignore
    arg [/home/zyr/anaconda3/lib] ==> ignore
    arg [-rpath-link] ==> ignore
    arg [/home/zyr/anaconda3/lib] ==> ignore
    arg [CMakeFiles/cmTC_c9a5f.dir/CMakeCCompilerABI.c.o] ==> ignore
    arg [-lgcc] ==> lib [gcc]
    arg [--push-state] ==> ignore
    arg [--as-needed] ==> ignore
    arg [-lgcc_s] ==> lib [gcc_s]
    arg [--pop-state] ==> ignore
    arg [-lc] ==> lib [c]
    arg [-lgcc] ==> lib [gcc]
    arg [--push-state] ==> ignore
    arg [--as-needed] ==> ignore
    arg [-lgcc_s] ==> lib [gcc_s]
    arg [--pop-state] ==> ignore
    arg [/home/zyr/anaconda3/bin/../lib/gcc/x86_64-conda-linux-gnu/11.2.0/crtend.o] ==> ignore
    arg [/home/zyr/anaconda3/bin/../x86_64-conda-linux-gnu/sysroot/usr/lib/../lib64/crtn.o] ==> ignore
  collapse library dir [/home/zyr/anaconda3/lib] ==> [/home/zyr/anaconda3/lib]
  collapse library dir [/home/zyr/anaconda3/bin/../lib/gcc/x86_64-conda-linux-gnu/11.2.0] ==> [/home/zyr/anaconda3/lib/gcc/x86_64-conda-linux-gnu/11.2.0]
  collapse library dir [/home/zyr/anaconda3/bin/../lib/gcc] ==> [/home/zyr/anaconda3/lib/gcc]
  collapse library dir [/home/zyr/anaconda3/bin/../lib/gcc/x86_64-conda-linux-gnu/11.2.0/../../../../x86_64-conda-linux-gnu/lib/../lib64] ==> [/home/zyr/anaconda3/x86_64-conda-linux-gnu/lib64]
  collapse library dir [/home/zyr/anaconda3/bin/../x86_64-conda-linux-gnu/sysroot/lib/../lib64] ==> [/home/zyr/anaconda3/x86_64-conda-linux-gnu/sysroot/lib64]
  collapse library dir [/home/zyr/anaconda3/bin/../x86_64-conda-linux-gnu/sysroot/usr/lib/../lib64] ==> [/home/zyr/anaconda3/x86_64-conda-linux-gnu/sysroot/usr/lib64]
  collapse library dir [/home/zyr/anaconda3/bin/../lib/gcc/x86_64-conda-linux-gnu/11.2.0/../../../../x86_64-conda-linux-gnu/lib] ==> [/home/zyr/anaconda3/x86_64-conda-linux-gnu/lib]
  collapse library dir [/home/zyr/anaconda3/bin/../x86_64-conda-linux-gnu/sysroot/lib] ==> [/home/zyr/anaconda3/x86_64-conda-linux-gnu/sysroot/lib]
  collapse library dir [/home/zyr/anaconda3/bin/../x86_64-conda-linux-gnu/sysroot/usr/lib] ==> [/home/zyr/anaconda3/x86_64-conda-linux-gnu/sysroot/usr/lib]
  implicit libs: [gcc;gcc_s;c;gcc;gcc_s]
  implicit dirs: [/home/zyr/anaconda3/lib;/home/zyr/anaconda3/lib/gcc/x86_64-conda-linux-gnu/11.2.0;/home/zyr/anaconda3/lib/gcc;/home/zyr/anaconda3/x86_64-conda-linux-gnu/lib64;/home/zyr/anaconda3/x86_64-conda-linux-gnu/sysroot/lib64;/home/zyr/anaconda3/x86_64-conda-linux-gnu/sysroot/usr/lib64;/home/zyr/anaconda3/x86_64-conda-linux-gnu/lib;/home/zyr/anaconda3/x86_64-conda-linux-gnu/sysroot/lib;/home/zyr/anaconda3/x86_64-conda-linux-gnu/sysroot/usr/lib]
  implicit fwks: []




Detecting C [-std=c11] compiler features compiled with the following output:
Change Dir: /home/zyr/yolo_ros/build/CMakeFiles/CMakeTmp

Run Build Command:"/usr/bin/make" "cmTC_a5e29/fast"
/usr/bin/make -f CMakeFiles/cmTC_a5e29.dir/build.make CMakeFiles/cmTC_a5e29.dir/build
make[1]: 进入目录“/home/zyr/yolo_ros/build/CMakeFiles/CMakeTmp”
Building C object CMakeFiles/cmTC_a5e29.dir/feature_tests.c.o
/home/zyr/anaconda3/bin/x86_64-conda-linux-gnu-cc   -march=nocona -mtune=haswell -ftree-vectorize -fPIC -fstack-protector-strong -fno-plt -O2 -ffunction-sections -pipe -isystem /home/zyr/anaconda3/include    -std=c11 -o CMakeFiles/cmTC_a5e29.dir/feature_tests.c.o   -c /home/zyr/yolo_ros/build/CMakeFiles/feature_tests.c
Linking C executable cmTC_a5e29
/usr/bin/cmake -E cmake_link_script CMakeFiles/cmTC_a5e29.dir/link.txt --verbose=1
/home/zyr/anaconda3/bin/x86_64-conda-linux-gnu-cc -march=nocona -mtune=haswell -ftree-vectorize -fPIC -fstack-protector-strong -fno-plt -O2 -ffunction-sections -pipe -isystem /home/zyr/anaconda3/include   -Wl,-O2 -Wl,--sort-common -Wl,--as-needed -Wl,-z,relro -Wl,-z,now -Wl,--disable-new-dtags -Wl,--gc-sections -Wl,-rpath,/home/zyr/anaconda3/lib -Wl,-rpath-link,/home/zyr/anaconda3/lib -L/home/zyr/anaconda3/lib  -rdynamic CMakeFiles/cmTC_a5e29.dir/feature_tests.c.o  -o cmTC_a5e29 
make[1]: 离开目录“/home/zyr/yolo_ros/build/CMakeFiles/CMakeTmp”


    Feature record: C_FEATURE:1c_function_prototypes
    Feature record: C_FEATURE:1c_restrict
    Feature record: C_FEATURE:1c_static_assert
    Feature record: C_FEATURE:1c_variadic_macros


Detecting C [-std=c99] compiler features compiled with the following output:
Change Dir: /home/zyr/yolo_ros/build/CMakeFiles/CMakeTmp

Run Build Command:"/usr/bin/make" "cmTC_886a3/fast"
/usr/bin/make -f CMakeFiles/cmTC_886a3.dir/build.make CMakeFiles/cmTC_886a3.dir/build
make[1]: 进入目录“/home/zyr/yolo_ros/build/CMakeFiles/CMakeTmp”
Building C object CMakeFiles/cmTC_886a3.dir/feature_tests.c.o
/home/zyr/anaconda3/bin/x86_64-conda-linux-gnu-cc   -march=nocona -mtune=haswell -ftree-vectorize -fPIC -fstack-protector-strong -fno-plt -O2 -ffunction-sections -pipe -isystem /home/zyr/anaconda3/include    -std=c99 -o CMakeFiles/cmTC_886a3.dir/feature_tests.c.o   -c /home/zyr/yolo_ros/build/CMakeFiles/feature_tests.c
Linking C executable cmTC_886a3
/usr/bin/cmake -E cmake_link_script CMakeFiles/cmTC_886a3.dir/link.txt --verbose=1
/home/zyr/anaconda3/bin/x86_64-conda-linux-gnu-cc -march=nocona -mtune=haswell -ftree-vectorize -fPIC -fstack-protector-strong -fno-plt -O2 -ffunction-sections -pipe -isystem /home/zyr/anaconda3/include   -Wl,-O2 -Wl,--sort-common -Wl,--as-needed -Wl,-z,relro -Wl,-z,now -Wl,--disable-new-dtags -Wl,--gc-sections -Wl,-rpath,/home/zyr/anaconda3/lib -Wl,-rpath-link,/home/zyr/anaconda3/lib -L/home/zyr/anaconda3/lib  -rdynamic CMakeFiles/cmTC_886a3.dir/feature_tests.c.o  -o cmTC_886a3 
make[1]: 离开目录“/home/zyr/yolo_ros/build/CMakeFiles/CMakeTmp”


    Feature record: C_FEATURE:1c_function_prototypes
    Feature record: C_FEATURE:1c_restrict
    Feature record: C_FEATURE:0c_static_assert
    Feature record: C_FEATURE:1c_variadic_macros


Detecting C [-std=c90] compiler features compiled with the following output:
Change Dir: /home/zyr/yolo_ros/build/CMakeFiles/CMakeTmp

Run Build Command:"/usr/bin/make" "cmTC_d85aa/fast"
/usr/bin/make -f CMakeFiles/cmTC_d85aa.dir/build.make CMakeFiles/cmTC_d85aa.dir/build
make[1]: 进入目录“/home/zyr/yolo_ros/build/CMakeFiles/CMakeTmp”
Building C object CMakeFiles/cmTC_d85aa.dir/feature_tests.c.o
/home/zyr/anaconda3/bin/x86_64-conda-linux-gnu-cc   -march=nocona -mtune=haswell -ftree-vectorize -fPIC -fstack-protector-strong -fno-plt -O2 -ffunction-sections -pipe -isystem /home/zyr/anaconda3/include    -std=c90 -o CMakeFiles/cmTC_d85aa.dir/feature_tests.c.o   -c /home/zyr/yolo_ros/build/CMakeFiles/feature_tests.c
Linking C executable cmTC_d85aa
/usr/bin/cmake -E cmake_link_script CMakeFiles/cmTC_d85aa.dir/link.txt --verbose=1
/home/zyr/anaconda3/bin/x86_64-conda-linux-gnu-cc -march=nocona -mtune=haswell -ftree-vectorize -fPIC -fstack-protector-strong -fno-plt -O2 -ffunction-sections -pipe -isystem /home/zyr/anaconda3/include   -Wl,-O2 -Wl,--sort-common -Wl,--as-needed -Wl,-z,relro -Wl,-z,now -Wl,--disable-new-dtags -Wl,--gc-sections -Wl,-rpath,/home/zyr/anaconda3/lib -Wl,-rpath-link,/home/zyr/anaconda3/lib -L/home/zyr/anaconda3/lib  -rdynamic CMakeFiles/cmTC_d85aa.dir/feature_tests.c.o  -o cmTC_d85aa 
make[1]: 离开目录“/home/zyr/yolo_ros/build/CMakeFiles/CMakeTmp”


    Feature record: C_FEATURE:1c_function_prototypes
    Feature record: C_FEATURE:0c_restrict
    Feature record: C_FEATURE:0c_static_assert
    Feature record: C_FEATURE:0c_variadic_macros
Determining if the CXX compiler works passed with the following output:
Change Dir: /home/zyr/yolo_ros/build/CMakeFiles/CMakeTmp

Run Build Command:"/usr/bin/make" "cmTC_c9a8c/fast"
/usr/bin/make -f CMakeFiles/cmTC_c9a8c.dir/build.make CMakeFiles/cmTC_c9a8c.dir/build
make[1]: 进入目录“/home/zyr/yolo_ros/build/CMakeFiles/CMakeTmp”
Building CXX object CMakeFiles/cmTC_c9a8c.dir/testCXXCompiler.cxx.o
/home/zyr/anaconda3/bin/x86_64-conda-linux-gnu-c++    -fvisibility-inlines-hidden -std=c++17 -fmessage-length=0 -march=nocona -mtune=haswell -ftree-vectorize -fPIC -fstack-protector-strong -fno-plt -O2 -ffunction-sections -pipe -isystem /home/zyr/anaconda3/include    -o CMakeFiles/cmTC_c9a8c.dir/testCXXCompiler.cxx.o -c /home/zyr/yolo_ros/build/CMakeFiles/CMakeTmp/testCXXCompiler.cxx
Linking CXX executable cmTC_c9a8c
/usr/bin/cmake -E cmake_link_script CMakeFiles/cmTC_c9a8c.dir/link.txt --verbose=1
/home/zyr/anaconda3/bin/x86_64-conda-linux-gnu-c++  -fvisibility-inlines-hidden -std=c++17 -fmessage-length=0 -march=nocona -mtune=haswell -ftree-vectorize -fPIC -fstack-protector-strong -fno-plt -O2 -ffunction-sections -pipe -isystem /home/zyr/anaconda3/include   -Wl,-O2 -Wl,--sort-common -Wl,--as-needed -Wl,-z,relro -Wl,-z,now -Wl,--disable-new-dtags -Wl,--gc-sections -Wl,-rpath,/home/zyr/anaconda3/lib -Wl,-rpath-link,/home/zyr/anaconda3/lib -L/home/zyr/anaconda3/lib  -rdynamic CMakeFiles/cmTC_c9a8c.dir/testCXXCompiler.cxx.o  -o cmTC_c9a8c 
make[1]: 离开目录“/home/zyr/yolo_ros/build/CMakeFiles/CMakeTmp”


Detecting CXX compiler ABI info compiled with the following output:
Change Dir: /home/zyr/yolo_ros/build/CMakeFiles/CMakeTmp

Run Build Command:"/usr/bin/make" "cmTC_6d06f/fast"
/usr/bin/make -f CMakeFiles/cmTC_6d06f.dir/build.make CMakeFiles/cmTC_6d06f.dir/build
make[1]: 进入目录“/home/zyr/yolo_ros/build/CMakeFiles/CMakeTmp”
Building CXX object CMakeFiles/cmTC_6d06f.dir/CMakeCXXCompilerABI.cpp.o
/home/zyr/anaconda3/bin/x86_64-conda-linux-gnu-c++    -fvisibility-inlines-hidden -std=c++17 -fmessage-length=0 -march=nocona -mtune=haswell -ftree-vectorize -fPIC -fstack-protector-strong -fno-plt -O2 -ffunction-sections -pipe -isystem /home/zyr/anaconda3/include    -o CMakeFiles/cmTC_6d06f.dir/CMakeCXXCompilerABI.cpp.o -c /usr/share/cmake-3.10/Modules/CMakeCXXCompilerABI.cpp
Linking CXX executable cmTC_6d06f
/usr/bin/cmake -E cmake_link_script CMakeFiles/cmTC_6d06f.dir/link.txt --verbose=1
/home/zyr/anaconda3/bin/x86_64-conda-linux-gnu-c++  -fvisibility-inlines-hidden -std=c++17 -fmessage-length=0 -march=nocona -mtune=haswell -ftree-vectorize -fPIC -fstack-protector-strong -fno-plt -O2 -ffunction-sections -pipe -isystem /home/zyr/anaconda3/include   -Wl,-O2 -Wl,--sort-common -Wl,--as-needed -Wl,-z,relro -Wl,-z,now -Wl,--disable-new-dtags -Wl,--gc-sections -Wl,-rpath,/home/zyr/anaconda3/lib -Wl,-rpath-link,/home/zyr/anaconda3/lib -L/home/zyr/anaconda3/lib -v -rdynamic CMakeFiles/cmTC_6d06f.dir/CMakeCXXCompilerABI.cpp.o  -o cmTC_6d06f 
Reading specs from /home/zyr/anaconda3/bin/../lib/gcc/x86_64-conda-linux-gnu/11.2.0/specs
COLLECT_GCC=/home/zyr/anaconda3/bin/x86_64-conda-linux-gnu-c++
COLLECT_LTO_WRAPPER=/home/zyr/anaconda3/bin/../libexec/gcc/x86_64-conda-linux-gnu/11.2.0/lto-wrapper
Target: x86_64-conda-linux-gnu
Configured with: /opt/conda/conda-bld/gcc-compiler_1654084175708/work/gcc/configure --build=x86_64-build_conda-linux-gnu --host=x86_64-build_conda-linux-gnu --target=x86_64-conda-linux-gnu --prefix=/opt/conda/conda-bld/gcc-compiler_1654084175708/work/gcc_built --exec_prefix=/opt/conda/conda-bld/gcc-compiler_1654084175708/work/gcc_built --with-sysroot=/opt/conda/conda-bld/gcc-compiler_1654084175708/work/gcc_built/x86_64-conda-linux-gnu/sysroot --with-local-prefix=/opt/conda/conda-bld/gcc-compiler_1654084175708/work/gcc_built/x86_64-conda-linux-gnu/sysroot --enable-long-long --disable-multilib --disable-nls --with-gmp=/opt/conda/conda-bld/gcc-compiler_1654084175708/work/buildtools --with-mpfr=/opt/conda/conda-bld/gcc-compiler_1654084175708/work/buildtools --with-mpc=/opt/conda/conda-bld/gcc-compiler_1654084175708/work/buildtools --with-isl=/opt/conda/conda-bld/gcc-compiler_1654084175708/work/buildtools --without-zstd --enable-languages=c,c++,fortran,objc,obj-c++ --enable-__cxa_atexit --disable-libmudflap --enable-libgomp --enable-libquadmath --enable-libquadmath-support --enable-libsanitizer --disable-libstdcxx-verbose --enable-lto --enable-libcc1 --enable-threads=posix --enable-plugin --with-pkgversion='Anaconda gcc' --enable-libmpx
Thread model: posix
Supported LTO compression algorithms: zlib
gcc version 11.2.0 (Anaconda gcc) 
COMPILER_PATH=/home/zyr/anaconda3/bin/../libexec/gcc/x86_64-conda-linux-gnu/11.2.0/:/home/zyr/anaconda3/bin/../libexec/gcc/:/home/zyr/anaconda3/bin/../lib/gcc/x86_64-conda-linux-gnu/11.2.0/../../../../x86_64-conda-linux-gnu/bin/
LIBRARY_PATH=/home/zyr/anaconda3/bin/../lib/gcc/x86_64-conda-linux-gnu/11.2.0/:/home/zyr/anaconda3/bin/../lib/gcc/:/home/zyr/anaconda3/bin/../lib/gcc/x86_64-conda-linux-gnu/11.2.0/../../../../x86_64-conda-linux-gnu/lib/../lib64/:/home/zyr/anaconda3/bin/../x86_64-conda-linux-gnu/sysroot/lib/../lib64/:/home/zyr/anaconda3/bin/../x86_64-conda-linux-gnu/sysroot/usr/lib/../lib64/:/home/zyr/anaconda3/bin/../lib/gcc/x86_64-conda-linux-gnu/11.2.0/../../../../x86_64-conda-linux-gnu/lib/:/home/zyr/anaconda3/bin/../x86_64-conda-linux-gnu/sysroot/lib/:/home/zyr/anaconda3/bin/../x86_64-conda-linux-gnu/sysroot/usr/lib/
COLLECT_GCC_OPTIONS='-fvisibility-inlines-hidden' '-std=c++17' '-fmessage-length=0' '-march=nocona' '-mtune=haswell' '-ftree-vectorize' '-fPIC' '-fstack-protector-strong' '-fno-plt' '-O2' '-ffunction-sections' '-pipe' '-isystem' '/home/zyr/anaconda3/include' '-L/home/zyr/anaconda3/lib' '-v' '-rdynamic' '-o' 'cmTC_6d06f' '-shared-libgcc' '-dumpdir' 'cmTC_6d06f.'
 /home/zyr/anaconda3/bin/../libexec/gcc/x86_64-conda-linux-gnu/11.2.0/collect2 -plugin /home/zyr/anaconda3/bin/../libexec/gcc/x86_64-conda-linux-gnu/11.2.0/liblto_plugin.so -plugin-opt=/home/zyr/anaconda3/bin/../libexec/gcc/x86_64-conda-linux-gnu/11.2.0/lto-wrapper -plugin-opt=-fresolution=/tmp/ccvTQ2d3.res -plugin-opt=-pass-through=-lgcc_s -plugin-opt=-pass-through=-lgcc -plugin-opt=-pass-through=-lc -plugin-opt=-pass-through=-lgcc_s -plugin-opt=-pass-through=-lgcc --sysroot=/home/zyr/anaconda3/bin/../x86_64-conda-linux-gnu/sysroot --eh-frame-hdr -m elf_x86_64 -export-dynamic -dynamic-linker /lib64/ld-linux-x86-64.so.2 -o cmTC_6d06f /home/zyr/anaconda3/bin/../x86_64-conda-linux-gnu/sysroot/usr/lib/../lib64/crt1.o /home/zyr/anaconda3/bin/../x86_64-conda-linux-gnu/sysroot/usr/lib/../lib64/crti.o /home/zyr/anaconda3/bin/../lib/gcc/x86_64-conda-linux-gnu/11.2.0/crtbegin.o -L/home/zyr/anaconda3/lib -L/home/zyr/anaconda3/bin/../lib/gcc/x86_64-conda-linux-gnu/11.2.0 -L/home/zyr/anaconda3/bin/../lib/gcc -L/home/zyr/anaconda3/bin/../lib/gcc/x86_64-conda-linux-gnu/11.2.0/../../../../x86_64-conda-linux-gnu/lib/../lib64 -L/home/zyr/anaconda3/bin/../x86_64-conda-linux-gnu/sysroot/lib/../lib64 -L/home/zyr/anaconda3/bin/../x86_64-conda-linux-gnu/sysroot/usr/lib/../lib64 -L/home/zyr/anaconda3/bin/../lib/gcc/x86_64-conda-linux-gnu/11.2.0/../../../../x86_64-conda-linux-gnu/lib -L/home/zyr/anaconda3/bin/../x86_64-conda-linux-gnu/sysroot/lib -L/home/zyr/anaconda3/bin/../x86_64-conda-linux-gnu/sysroot/usr/lib -rpath /home/zyr/anaconda3/lib -O2 --sort-common --as-needed -z relro -z now --disable-new-dtags --gc-sections -rpath /home/zyr/anaconda3/lib -rpath-link /home/zyr/anaconda3/lib CMakeFiles/cmTC_6d06f.dir/CMakeCXXCompilerABI.cpp.o -lstdc++ -lm -lgcc_s -lgcc -lc -lgcc_s -lgcc /home/zyr/anaconda3/bin/../lib/gcc/x86_64-conda-linux-gnu/11.2.0/crtend.o /home/zyr/anaconda3/bin/../x86_64-conda-linux-gnu/sysroot/usr/lib/../lib64/crtn.o
COLLECT_GCC_OPTIONS='-fvisibility-inlines-hidden' '-std=c++17' '-fmessage-length=0' '-march=nocona' '-mtune=haswell' '-ftree-vectorize' '-fPIC' '-fstack-protector-strong' '-fno-plt' '-O2' '-ffunction-sections' '-pipe' '-isystem' '/home/zyr/anaconda3/include' '-L/home/zyr/anaconda3/lib' '-v' '-rdynamic' '-o' 'cmTC_6d06f' '-shared-libgcc' '-dumpdir' 'cmTC_6d06f.'
make[1]: 离开目录“/home/zyr/yolo_ros/build/CMakeFiles/CMakeTmp”


Parsed CXX implicit link information from above output:
  link line regex: [^( *|.*[/\])(ld|CMAKE_LINK_STARTFILE-NOTFOUND|([^/\]+-)?ld|collect2)[^/\]*( |$)]
  ignore line: [Change Dir: /home/zyr/yolo_ros/build/CMakeFiles/CMakeTmp]
  ignore line: []
  ignore line: [Run Build Command:"/usr/bin/make" "cmTC_6d06f/fast"]
  ignore line: [/usr/bin/make -f CMakeFiles/cmTC_6d06f.dir/build.make CMakeFiles/cmTC_6d06f.dir/build]
  ignore line: [make[1]: 进入目录“/home/zyr/yolo_ros/build/CMakeFiles/CMakeTmp”]
  ignore line: [Building CXX object CMakeFiles/cmTC_6d06f.dir/CMakeCXXCompilerABI.cpp.o]
  ignore line: [/home/zyr/anaconda3/bin/x86_64-conda-linux-gnu-c++    -fvisibility-inlines-hidden -std=c++17 -fmessage-length=0 -march=nocona -mtune=haswell -ftree-vectorize -fPIC -fstack-protector-strong -fno-plt -O2 -ffunction-sections -pipe -isystem /home/zyr/anaconda3/include    -o CMakeFiles/cmTC_6d06f.dir/CMakeCXXCompilerABI.cpp.o -c /usr/share/cmake-3.10/Modules/CMakeCXXCompilerABI.cpp]
  ignore line: [Linking CXX executable cmTC_6d06f]
  ignore line: [/usr/bin/cmake -E cmake_link_script CMakeFiles/cmTC_6d06f.dir/link.txt --verbose=1]
  ignore line: [/home/zyr/anaconda3/bin/x86_64-conda-linux-gnu-c++  -fvisibility-inlines-hidden -std=c++17 -fmessage-length=0 -march=nocona -mtune=haswell -ftree-vectorize -fPIC -fstack-protector-strong -fno-plt -O2 -ffunction-sections -pipe -isystem /home/zyr/anaconda3/include   -Wl,-O2 -Wl,--sort-common -Wl,--as-needed -Wl,-z,relro -Wl,-z,now -Wl,--disable-new-dtags -Wl,--gc-sections -Wl,-rpath,/home/zyr/anaconda3/lib -Wl,-rpath-link,/home/zyr/anaconda3/lib -L/home/zyr/anaconda3/lib -v -rdynamic CMakeFiles/cmTC_6d06f.dir/CMakeCXXCompilerABI.cpp.o  -o cmTC_6d06f ]
  ignore line: [Reading specs from /home/zyr/anaconda3/bin/../lib/gcc/x86_64-conda-linux-gnu/11.2.0/specs]
  ignore line: [COLLECT_GCC=/home/zyr/anaconda3/bin/x86_64-conda-linux-gnu-c++]
  ignore line: [COLLECT_LTO_WRAPPER=/home/zyr/anaconda3/bin/../libexec/gcc/x86_64-conda-linux-gnu/11.2.0/lto-wrapper]
  ignore line: [Target: x86_64-conda-linux-gnu]
  ignore line: [Configured with: /opt/conda/conda-bld/gcc-compiler_1654084175708/work/gcc/configure --build=x86_64-build_conda-linux-gnu --host=x86_64-build_conda-linux-gnu --target=x86_64-conda-linux-gnu --prefix=/opt/conda/conda-bld/gcc-compiler_1654084175708/work/gcc_built --exec_prefix=/opt/conda/conda-bld/gcc-compiler_1654084175708/work/gcc_built --with-sysroot=/opt/conda/conda-bld/gcc-compiler_1654084175708/work/gcc_built/x86_64-conda-linux-gnu/sysroot --with-local-prefix=/opt/conda/conda-bld/gcc-compiler_1654084175708/work/gcc_built/x86_64-conda-linux-gnu/sysroot --enable-long-long --disable-multilib --disable-nls --with-gmp=/opt/conda/conda-bld/gcc-compiler_1654084175708/work/buildtools --with-mpfr=/opt/conda/conda-bld/gcc-compiler_1654084175708/work/buildtools --with-mpc=/opt/conda/conda-bld/gcc-compiler_1654084175708/work/buildtools --with-isl=/opt/conda/conda-bld/gcc-compiler_1654084175708/work/buildtools --without-zstd --enable-languages=c,c++,fortran,objc,obj-c++ --enable-__cxa_atexit --disable-libmudflap --enable-libgomp --enable-libquadmath --enable-libquadmath-support --enable-libsanitizer --disable-libstdcxx-verbose --enable-lto --enable-libcc1 --enable-threads=posix --enable-plugin --with-pkgversion='Anaconda gcc' --enable-libmpx]
  ignore line: [Thread model: posix]
  ignore line: [Supported LTO compression algorithms: zlib]
  ignore line: [gcc version 11.2.0 (Anaconda gcc) ]
  ignore line: [COMPILER_PATH=/home/zyr/anaconda3/bin/../libexec/gcc/x86_64-conda-linux-gnu/11.2.0/:/home/zyr/anaconda3/bin/../libexec/gcc/:/home/zyr/anaconda3/bin/../lib/gcc/x86_64-conda-linux-gnu/11.2.0/../../../../x86_64-conda-linux-gnu/bin/]
  ignore line: [LIBRARY_PATH=/home/zyr/anaconda3/bin/../lib/gcc/x86_64-conda-linux-gnu/11.2.0/:/home/zyr/anaconda3/bin/../lib/gcc/:/home/zyr/anaconda3/bin/../lib/gcc/x86_64-conda-linux-gnu/11.2.0/../../../../x86_64-conda-linux-gnu/lib/../lib64/:/home/zyr/anaconda3/bin/../x86_64-conda-linux-gnu/sysroot/lib/../lib64/:/home/zyr/anaconda3/bin/../x86_64-conda-linux-gnu/sysroot/usr/lib/../lib64/:/home/zyr/anaconda3/bin/../lib/gcc/x86_64-conda-linux-gnu/11.2.0/../../../../x86_64-conda-linux-gnu/lib/:/home/zyr/anaconda3/bin/../x86_64-conda-linux-gnu/sysroot/lib/:/home/zyr/anaconda3/bin/../x86_64-conda-linux-gnu/sysroot/usr/lib/]
  ignore line: [COLLECT_GCC_OPTIONS='-fvisibility-inlines-hidden' '-std=c++17' '-fmessage-length=0' '-march=nocona' '-mtune=haswell' '-ftree-vectorize' '-fPIC' '-fstack-protector-strong' '-fno-plt' '-O2' '-ffunction-sections' '-pipe' '-isystem' '/home/zyr/anaconda3/include' '-L/home/zyr/anaconda3/lib' '-v' '-rdynamic' '-o' 'cmTC_6d06f' '-shared-libgcc' '-dumpdir' 'cmTC_6d06f.']
  link line: [ /home/zyr/anaconda3/bin/../libexec/gcc/x86_64-conda-linux-gnu/11.2.0/collect2 -plugin /home/zyr/anaconda3/bin/../libexec/gcc/x86_64-conda-linux-gnu/11.2.0/liblto_plugin.so -plugin-opt=/home/zyr/anaconda3/bin/../libexec/gcc/x86_64-conda-linux-gnu/11.2.0/lto-wrapper -plugin-opt=-fresolution=/tmp/ccvTQ2d3.res -plugin-opt=-pass-through=-lgcc_s -plugin-opt=-pass-through=-lgcc -plugin-opt=-pass-through=-lc -plugin-opt=-pass-through=-lgcc_s -plugin-opt=-pass-through=-lgcc --sysroot=/home/zyr/anaconda3/bin/../x86_64-conda-linux-gnu/sysroot --eh-frame-hdr -m elf_x86_64 -export-dynamic -dynamic-linker /lib64/ld-linux-x86-64.so.2 -o cmTC_6d06f /home/zyr/anaconda3/bin/../x86_64-conda-linux-gnu/sysroot/usr/lib/../lib64/crt1.o /home/zyr/anaconda3/bin/../x86_64-conda-linux-gnu/sysroot/usr/lib/../lib64/crti.o /home/zyr/anaconda3/bin/../lib/gcc/x86_64-conda-linux-gnu/11.2.0/crtbegin.o -L/home/zyr/anaconda3/lib -L/home/zyr/anaconda3/bin/../lib/gcc/x86_64-conda-linux-gnu/11.2.0 -L/home/zyr/anaconda3/bin/../lib/gcc -L/home/zyr/anaconda3/bin/../lib/gcc/x86_64-conda-linux-gnu/11.2.0/../../../../x86_64-conda-linux-gnu/lib/../lib64 -L/home/zyr/anaconda3/bin/../x86_64-conda-linux-gnu/sysroot/lib/../lib64 -L/home/zyr/anaconda3/bin/../x86_64-conda-linux-gnu/sysroot/usr/lib/../lib64 -L/home/zyr/anaconda3/bin/../lib/gcc/x86_64-conda-linux-gnu/11.2.0/../../../../x86_64-conda-linux-gnu/lib -L/home/zyr/anaconda3/bin/../x86_64-conda-linux-gnu/sysroot/lib -L/home/zyr/anaconda3/bin/../x86_64-conda-linux-gnu/sysroot/usr/lib -rpath /home/zyr/anaconda3/lib -O2 --sort-common --as-needed -z relro -z now --disable-new-dtags --gc-sections -rpath /home/zyr/anaconda3/lib -rpath-link /home/zyr/anaconda3/lib CMakeFiles/cmTC_6d06f.dir/CMakeCXXCompilerABI.cpp.o -lstdc++ -lm -lgcc_s -lgcc -lc -lgcc_s -lgcc /home/zyr/anaconda3/bin/../lib/gcc/x86_64-conda-linux-gnu/11.2.0/crtend.o /home/zyr/anaconda3/bin/../x86_64-conda-linux-gnu/sysroot/usr/lib/../lib64/crtn.o]
    arg [/home/zyr/anaconda3/bin/../libexec/gcc/x86_64-conda-linux-gnu/11.2.0/collect2] ==> ignore
    arg [-plugin] ==> ignore
    arg [/home/zyr/anaconda3/bin/../libexec/gcc/x86_64-conda-linux-gnu/11.2.0/liblto_plugin.so] ==> ignore
    arg [-plugin-opt=/home/zyr/anaconda3/bin/../libexec/gcc/x86_64-conda-linux-gnu/11.2.0/lto-wrapper] ==> ignore
    arg [-plugin-opt=-fresolution=/tmp/ccvTQ2d3.res] ==> ignore
    arg [-plugin-opt=-pass-through=-lgcc_s] ==> ignore
    arg [-plugin-opt=-pass-through=-lgcc] ==> ignore
    arg [-plugin-opt=-pass-through=-lc] ==> ignore
    arg [-plugin-opt=-pass-through=-lgcc_s] ==> ignore
    arg [-plugin-opt=-pass-through=-lgcc] ==> ignore
    arg [--sysroot=/home/zyr/anaconda3/bin/../x86_64-conda-linux-gnu/sysroot] ==> ignore
    arg [--eh-frame-hdr] ==> ignore
    arg [-m] ==> ignore
    arg [elf_x86_64] ==> ignore
    arg [-export-dynamic] ==> ignore
    arg [-dynamic-linker] ==> ignore
    arg [/lib64/ld-linux-x86-64.so.2] ==> ignore
    arg [-o] ==> ignore
    arg [cmTC_6d06f] ==> ignore
    arg [/home/zyr/anaconda3/bin/../x86_64-conda-linux-gnu/sysroot/usr/lib/../lib64/crt1.o] ==> ignore
    arg [/home/zyr/anaconda3/bin/../x86_64-conda-linux-gnu/sysroot/usr/lib/../lib64/crti.o] ==> ignore
    arg [/home/zyr/anaconda3/bin/../lib/gcc/x86_64-conda-linux-gnu/11.2.0/crtbegin.o] ==> ignore
    arg [-L/home/zyr/anaconda3/lib] ==> dir [/home/zyr/anaconda3/lib]
    arg [-L/home/zyr/anaconda3/bin/../lib/gcc/x86_64-conda-linux-gnu/11.2.0] ==> dir [/home/zyr/anaconda3/bin/../lib/gcc/x86_64-conda-linux-gnu/11.2.0]
    arg [-L/home/zyr/anaconda3/bin/../lib/gcc] ==> dir [/home/zyr/anaconda3/bin/../lib/gcc]
    arg [-L/home/zyr/anaconda3/bin/../lib/gcc/x86_64-conda-linux-gnu/11.2.0/../../../../x86_64-conda-linux-gnu/lib/../lib64] ==> dir [/home/zyr/anaconda3/bin/../lib/gcc/x86_64-conda-linux-gnu/11.2.0/../../../../x86_64-conda-linux-gnu/lib/../lib64]
    arg [-L/home/zyr/anaconda3/bin/../x86_64-conda-linux-gnu/sysroot/lib/../lib64] ==> dir [/home/zyr/anaconda3/bin/../x86_64-conda-linux-gnu/sysroot/lib/../lib64]
    arg [-L/home/zyr/anaconda3/bin/../x86_64-conda-linux-gnu/sysroot/usr/lib/../lib64] ==> dir [/home/zyr/anaconda3/bin/../x86_64-conda-linux-gnu/sysroot/usr/lib/../lib64]
    arg [-L/home/zyr/anaconda3/bin/../lib/gcc/x86_64-conda-linux-gnu/11.2.0/../../../../x86_64-conda-linux-gnu/lib] ==> dir [/home/zyr/anaconda3/bin/../lib/gcc/x86_64-conda-linux-gnu/11.2.0/../../../../x86_64-conda-linux-gnu/lib]
    arg [-L/home/zyr/anaconda3/bin/../x86_64-conda-linux-gnu/sysroot/lib] ==> dir [/home/zyr/anaconda3/bin/../x86_64-conda-linux-gnu/sysroot/lib]
    arg [-L/home/zyr/anaconda3/bin/../x86_64-conda-linux-gnu/sysroot/usr/lib] ==> dir [/home/zyr/anaconda3/bin/../x86_64-conda-linux-gnu/sysroot/usr/lib]
    arg [-rpath] ==> ignore
    arg [/home/zyr/anaconda3/lib] ==> ignore
    arg [-O2] ==> ignore
    arg [--sort-common] ==> ignore
    arg [--as-needed] ==> ignore
    arg [-zrelro] ==> ignore
    arg [-znow] ==> ignore
    arg [--disable-new-dtags] ==> ignore
    arg [--gc-sections] ==> ignore
    arg [-rpath] ==> ignore
    arg [/home/zyr/anaconda3/lib] ==> ignore
    arg [-rpath-link] ==> ignore
    arg [/home/zyr/anaconda3/lib] ==> ignore
    arg [CMakeFiles/cmTC_6d06f.dir/CMakeCXXCompilerABI.cpp.o] ==> ignore
    arg [-lstdc++] ==> lib [stdc++]
    arg [-lm] ==> lib [m]
    arg [-lgcc_s] ==> lib [gcc_s]
    arg [-lgcc] ==> lib [gcc]
    arg [-lc] ==> lib [c]
    arg [-lgcc_s] ==> lib [gcc_s]
    arg [-lgcc] ==> lib [gcc]
    arg [/home/zyr/anaconda3/bin/../lib/gcc/x86_64-conda-linux-gnu/11.2.0/crtend.o] ==> ignore
    arg [/home/zyr/anaconda3/bin/../x86_64-conda-linux-gnu/sysroot/usr/lib/../lib64/crtn.o] ==> ignore
  collapse library dir [/home/zyr/anaconda3/lib] ==> [/home/zyr/anaconda3/lib]
  collapse library dir [/home/zyr/anaconda3/bin/../lib/gcc/x86_64-conda-linux-gnu/11.2.0] ==> [/home/zyr/anaconda3/lib/gcc/x86_64-conda-linux-gnu/11.2.0]
  collapse library dir [/home/zyr/anaconda3/bin/../lib/gcc] ==> [/home/zyr/anaconda3/lib/gcc]
  collapse library dir [/home/zyr/anaconda3/bin/../lib/gcc/x86_64-conda-linux-gnu/11.2.0/../../../../x86_64-conda-linux-gnu/lib/../lib64] ==> [/home/zyr/anaconda3/x86_64-conda-linux-gnu/lib64]
  collapse library dir [/home/zyr/anaconda3/bin/../x86_64-conda-linux-gnu/sysroot/lib/../lib64] ==> [/home/zyr/anaconda3/x86_64-conda-linux-gnu/sysroot/lib64]
  collapse library dir [/home/zyr/anaconda3/bin/../x86_64-conda-linux-gnu/sysroot/usr/lib/../lib64] ==> [/home/zyr/anaconda3/x86_64-conda-linux-gnu/sysroot/usr/lib64]
  collapse library dir [/home/zyr/anaconda3/bin/../lib/gcc/x86_64-conda-linux-gnu/11.2.0/../../../../x86_64-conda-linux-gnu/lib] ==> [/home/zyr/anaconda3/x86_64-conda-linux-gnu/lib]
  collapse library dir [/home/zyr/anaconda3/bin/../x86_64-conda-linux-gnu/sysroot/lib] ==> [/home/zyr/anaconda3/x86_64-conda-linux-gnu/sysroot/lib]
  collapse library dir [/home/zyr/anaconda3/bin/../x86_64-conda-linux-gnu/sysroot/usr/lib] ==> [/home/zyr/anaconda3/x86_64-conda-linux-gnu/sysroot/usr/lib]
  implicit libs: [stdc++;m;gcc_s;gcc;c;gcc_s;gcc]
  implicit dirs: [/home/zyr/anaconda3/lib;/home/zyr/anaconda3/lib/gcc/x86_64-conda-linux-gnu/11.2.0;/home/zyr/anaconda3/lib/gcc;/home/zyr/anaconda3/x86_64-conda-linux-gnu/lib64;/home/zyr/anaconda3/x86_64-conda-linux-gnu/sysroot/lib64;/home/zyr/anaconda3/x86_64-conda-linux-gnu/sysroot/usr/lib64;/home/zyr/anaconda3/x86_64-conda-linux-gnu/lib;/home/zyr/anaconda3/x86_64-conda-linux-gnu/sysroot/lib;/home/zyr/anaconda3/x86_64-conda-linux-gnu/sysroot/usr/lib]
  implicit fwks: []




Detecting CXX [-std=c++1z] compiler features compiled with the following output:
Change Dir: /home/zyr/yolo_ros/build/CMakeFiles/CMakeTmp

Run Build Command:"/usr/bin/make" "cmTC_24230/fast"
/usr/bin/make -f CMakeFiles/cmTC_24230.dir/build.make CMakeFiles/cmTC_24230.dir/build
make[1]: 进入目录“/home/zyr/yolo_ros/build/CMakeFiles/CMakeTmp”
Building CXX object CMakeFiles/cmTC_24230.dir/feature_tests.cxx.o
/home/zyr/anaconda3/bin/x86_64-conda-linux-gnu-c++    -fvisibility-inlines-hidden -std=c++17 -fmessage-length=0 -march=nocona -mtune=haswell -ftree-vectorize -fPIC -fstack-protector-strong -fno-plt -O2 -ffunction-sections -pipe -isystem /home/zyr/anaconda3/include    -std=c++1z -o CMakeFiles/cmTC_24230.dir/feature_tests.cxx.o -c /home/zyr/yolo_ros/build/CMakeFiles/feature_tests.cxx
Linking CXX executable cmTC_24230
/usr/bin/cmake -E cmake_link_script CMakeFiles/cmTC_24230.dir/link.txt --verbose=1
/home/zyr/anaconda3/bin/x86_64-conda-linux-gnu-c++  -fvisibility-inlines-hidden -std=c++17 -fmessage-length=0 -march=nocona -mtune=haswell -ftree-vectorize -fPIC -fstack-protector-strong -fno-plt -O2 -ffunction-sections -pipe -isystem /home/zyr/anaconda3/include   -Wl,-O2 -Wl,--sort-common -Wl,--as-needed -Wl,-z,relro -Wl,-z,now -Wl,--disable-new-dtags -Wl,--gc-sections -Wl,-rpath,/home/zyr/anaconda3/lib -Wl,-rpath-link,/home/zyr/anaconda3/lib -L/home/zyr/anaconda3/lib  -rdynamic CMakeFiles/cmTC_24230.dir/feature_tests.cxx.o  -o cmTC_24230 
make[1]: 离开目录“/home/zyr/yolo_ros/build/CMakeFiles/CMakeTmp”


    Feature record: CXX_FEATURE:1cxx_aggregate_default_initializers
    Feature record: CXX_FEATURE:1cxx_alias_templates
    Feature record: CXX_FEATURE:1cxx_alignas
    Feature record: CXX_FEATURE:1cxx_alignof
    Feature record: CXX_FEATURE:1cxx_attributes
    Feature record: CXX_FEATURE:1cxx_attribute_deprecated
    Feature record: CXX_FEATURE:1cxx_auto_type
    Feature record: CXX_FEATURE:1cxx_binary_literals
    Feature record: CXX_FEATURE:1cxx_constexpr
    Feature record: CXX_FEATURE:1cxx_contextual_conversions
    Feature record: CXX_FEATURE:1cxx_decltype
    Feature record: CXX_FEATURE:1cxx_decltype_auto
    Feature record: CXX_FEATURE:1cxx_decltype_incomplete_return_types
    Feature record: CXX_FEATURE:1cxx_default_function_template_args
    Feature record: CXX_FEATURE:1cxx_defaulted_functions
    Feature record: CXX_FEATURE:1cxx_defaulted_move_initializers
    Feature record: CXX_FEATURE:1cxx_delegating_constructors
    Feature record: CXX_FEATURE:1cxx_deleted_functions
    Feature record: CXX_FEATURE:1cxx_digit_separators
    Feature record: CXX_FEATURE:1cxx_enum_forward_declarations
    Feature record: CXX_FEATURE:1cxx_explicit_conversions
    Feature record: CXX_FEATURE:1cxx_extended_friend_declarations
    Feature record: CXX_FEATURE:1cxx_extern_templates
    Feature record: CXX_FEATURE:1cxx_final
    Feature record: CXX_FEATURE:1cxx_func_identifier
    Feature record: CXX_FEATURE:1cxx_generalized_initializers
    Feature record: CXX_FEATURE:1cxx_generic_lambdas
    Feature record: CXX_FEATURE:1cxx_inheriting_constructors
    Feature record: CXX_FEATURE:1cxx_inline_namespaces
    Feature record: CXX_FEATURE:1cxx_lambdas
    Feature record: CXX_FEATURE:1cxx_lambda_init_captures
    Feature record: CXX_FEATURE:1cxx_local_type_template_args
    Feature record: CXX_FEATURE:1cxx_long_long_type
    Feature record: CXX_FEATURE:1cxx_noexcept
    Feature record: CXX_FEATURE:1cxx_nonstatic_member_init
    Feature record: CXX_FEATURE:1cxx_nullptr
    Feature record: CXX_FEATURE:1cxx_override
    Feature record: CXX_FEATURE:1cxx_range_for
    Feature record: CXX_FEATURE:1cxx_raw_string_literals
    Feature record: CXX_FEATURE:1cxx_reference_qualified_functions
    Feature record: CXX_FEATURE:1cxx_relaxed_constexpr
    Feature record: CXX_FEATURE:1cxx_return_type_deduction
    Feature record: CXX_FEATURE:1cxx_right_angle_brackets
    Feature record: CXX_FEATURE:1cxx_rvalue_references
    Feature record: CXX_FEATURE:1cxx_sizeof_member
    Feature record: CXX_FEATURE:1cxx_static_assert
    Feature record: CXX_FEATURE:1cxx_strong_enums
    Feature record: CXX_FEATURE:1cxx_template_template_parameters
    Feature record: CXX_FEATURE:1cxx_thread_local
    Feature record: CXX_FEATURE:1cxx_trailing_return_types
    Feature record: CXX_FEATURE:1cxx_unicode_literals
    Feature record: CXX_FEATURE:1cxx_uniform_initialization
    Feature record: CXX_FEATURE:1cxx_unrestricted_unions
    Feature record: CXX_FEATURE:1cxx_user_literals
    Feature record: CXX_FEATURE:1cxx_variable_templates
    Feature record: CXX_FEATURE:1cxx_variadic_macros
    Feature record: CXX_FEATURE:1cxx_variadic_templates


Detecting CXX [-std=c++14] compiler features compiled with the following output:
Change Dir: /home/zyr/yolo_ros/build/CMakeFiles/CMakeTmp

Run Build Command:"/usr/bin/make" "cmTC_56627/fast"
/usr/bin/make -f CMakeFiles/cmTC_56627.dir/build.make CMakeFiles/cmTC_56627.dir/build
make[1]: 进入目录“/home/zyr/yolo_ros/build/CMakeFiles/CMakeTmp”
Building CXX object CMakeFiles/cmTC_56627.dir/feature_tests.cxx.o
/home/zyr/anaconda3/bin/x86_64-conda-linux-gnu-c++    -fvisibility-inlines-hidden -std=c++17 -fmessage-length=0 -march=nocona -mtune=haswell -ftree-vectorize -fPIC -fstack-protector-strong -fno-plt -O2 -ffunction-sections -pipe -isystem /home/zyr/anaconda3/include    -std=c++14 -o CMakeFiles/cmTC_56627.dir/feature_tests.cxx.o -c /home/zyr/yolo_ros/build/CMakeFiles/feature_tests.cxx
Linking CXX executable cmTC_56627
/usr/bin/cmake -E cmake_link_script CMakeFiles/cmTC_56627.dir/link.txt --verbose=1
/home/zyr/anaconda3/bin/x86_64-conda-linux-gnu-c++  -fvisibility-inlines-hidden -std=c++17 -fmessage-length=0 -march=nocona -mtune=haswell -ftree-vectorize -fPIC -fstack-protector-strong -fno-plt -O2 -ffunction-sections -pipe -isystem /home/zyr/anaconda3/include   -Wl,-O2 -Wl,--sort-common -Wl,--as-needed -Wl,-z,relro -Wl,-z,now -Wl,--disable-new-dtags -Wl,--gc-sections -Wl,-rpath,/home/zyr/anaconda3/lib -Wl,-rpath-link,/home/zyr/anaconda3/lib -L/home/zyr/anaconda3/lib  -rdynamic CMakeFiles/cmTC_56627.dir/feature_tests.cxx.o  -o cmTC_56627 
make[1]: 离开目录“/home/zyr/yolo_ros/build/CMakeFiles/CMakeTmp”


    Feature record: CXX_FEATURE:1cxx_aggregate_default_initializers
    Feature record: CXX_FEATURE:1cxx_alias_templates
    Feature record: CXX_FEATURE:1cxx_alignas
    Feature record: CXX_FEATURE:1cxx_alignof
    Feature record: CXX_FEATURE:1cxx_attributes
    Feature record: CXX_FEATURE:1cxx_attribute_deprecated
    Feature record: CXX_FEATURE:1cxx_auto_type
    Feature record: CXX_FEATURE:1cxx_binary_literals
    Feature record: CXX_FEATURE:1cxx_constexpr
    Feature record: CXX_FEATURE:1cxx_contextual_conversions
    Feature record: CXX_FEATURE:1cxx_decltype
    Feature record: CXX_FEATURE:1cxx_decltype_auto
    Feature record: CXX_FEATURE:1cxx_decltype_incomplete_return_types
    Feature record: CXX_FEATURE:1cxx_default_function_template_args
    Feature record: CXX_FEATURE:1cxx_defaulted_functions
    Feature record: CXX_FEATURE:1cxx_defaulted_move_initializers
    Feature record: CXX_FEATURE:1cxx_delegating_constructors
    Feature record: CXX_FEATURE:1cxx_deleted_functions
    Feature record: CXX_FEATURE:1cxx_digit_separators
    Feature record: CXX_FEATURE:1cxx_enum_forward_declarations
    Feature record: CXX_FEATURE:1cxx_explicit_conversions
    Feature record: CXX_FEATURE:1cxx_extended_friend_declarations
    Feature record: CXX_FEATURE:1cxx_extern_templates
    Feature record: CXX_FEATURE:1cxx_final
    Feature record: CXX_FEATURE:1cxx_func_identifier
    Feature record: CXX_FEATURE:1cxx_generalized_initializers
    Feature record: CXX_FEATURE:1cxx_generic_lambdas
    Feature record: CXX_FEATURE:1cxx_inheriting_constructors
    Feature record: CXX_FEATURE:1cxx_inline_namespaces
    Feature record: CXX_FEATURE:1cxx_lambdas
    Feature record: CXX_FEATURE:1cxx_lambda_init_captures
    Feature record: CXX_FEATURE:1cxx_local_type_template_args
    Feature record: CXX_FEATURE:1cxx_long_long_type
    Feature record: CXX_FEATURE:1cxx_noexcept
    Feature record: CXX_FEATURE:1cxx_nonstatic_member_init
    Feature record: CXX_FEATURE:1cxx_nullptr
    Feature record: CXX_FEATURE:1cxx_override
    Feature record: CXX_FEATURE:1cxx_range_for
    Feature record: CXX_FEATURE:1cxx_raw_string_literals
    Feature record: CXX_FEATURE:1cxx_reference_qualified_functions
    Feature record: CXX_FEATURE:1cxx_relaxed_constexpr
    Feature record: CXX_FEATURE:1cxx_return_type_deduction
    Feature record: CXX_FEATURE:1cxx_right_angle_brackets
    Feature record: CXX_FEATURE:1cxx_rvalue_references
    Feature record: CXX_FEATURE:1cxx_sizeof_member
    Feature record: CXX_FEATURE:1cxx_static_assert
    Feature record: CXX_FEATURE:1cxx_strong_enums
    Feature record: CXX_FEATURE:1cxx_template_template_parameters
    Feature record: CXX_FEATURE:1cxx_thread_local
    Feature record: CXX_FEATURE:1cxx_trailing_return_types
    Feature record: CXX_FEATURE:1cxx_unicode_literals
    Feature record: CXX_FEATURE:1cxx_uniform_initialization
    Feature record: CXX_FEATURE:1cxx_unrestricted_unions
    Feature record: CXX_FEATURE:1cxx_user_literals
    Feature record: CXX_FEATURE:1cxx_variable_templates
    Feature record: CXX_FEATURE:1cxx_variadic_macros
    Feature record: CXX_FEATURE:1cxx_variadic_templates


Detecting CXX [-std=c++11] compiler features compiled with the following output:
Change Dir: /home/zyr/yolo_ros/build/CMakeFiles/CMakeTmp

Run Build Command:"/usr/bin/make" "cmTC_f9b5a/fast"
/usr/bin/make -f CMakeFiles/cmTC_f9b5a.dir/build.make CMakeFiles/cmTC_f9b5a.dir/build
make[1]: 进入目录“/home/zyr/yolo_ros/build/CMakeFiles/CMakeTmp”
Building CXX object CMakeFiles/cmTC_f9b5a.dir/feature_tests.cxx.o
/home/zyr/anaconda3/bin/x86_64-conda-linux-gnu-c++    -fvisibility-inlines-hidden -std=c++17 -fmessage-length=0 -march=nocona -mtune=haswell -ftree-vectorize -fPIC -fstack-protector-strong -fno-plt -O2 -ffunction-sections -pipe -isystem /home/zyr/anaconda3/include    -std=c++11 -o CMakeFiles/cmTC_f9b5a.dir/feature_tests.cxx.o -c /home/zyr/yolo_ros/build/CMakeFiles/feature_tests.cxx
Linking CXX executable cmTC_f9b5a
/usr/bin/cmake -E cmake_link_script CMakeFiles/cmTC_f9b5a.dir/link.txt --verbose=1
/home/zyr/anaconda3/bin/x86_64-conda-linux-gnu-c++  -fvisibility-inlines-hidden -std=c++17 -fmessage-length=0 -march=nocona -mtune=haswell -ftree-vectorize -fPIC -fstack-protector-strong -fno-plt -O2 -ffunction-sections -pipe -isystem /home/zyr/anaconda3/include   -Wl,-O2 -Wl,--sort-common -Wl,--as-needed -Wl,-z,relro -Wl,-z,now -Wl,--disable-new-dtags -Wl,--gc-sections -Wl,-rpath,/home/zyr/anaconda3/lib -Wl,-rpath-link,/home/zyr/anaconda3/lib -L/home/zyr/anaconda3/lib  -rdynamic CMakeFiles/cmTC_f9b5a.dir/feature_tests.cxx.o  -o cmTC_f9b5a 
make[1]: 离开目录“/home/zyr/yolo_ros/build/CMakeFiles/CMakeTmp”


    Feature record: CXX_FEATURE:0cxx_aggregate_default_initializers
    Feature record: CXX_FEATURE:1cxx_alias_templates
    Feature record: CXX_FEATURE:1cxx_alignas
    Feature record: CXX_FEATURE:1cxx_alignof
    Feature record: CXX_FEATURE:1cxx_attributes
    Feature record: CXX_FEATURE:0cxx_attribute_deprecated
    Feature record: CXX_FEATURE:1cxx_auto_type
    Feature record: CXX_FEATURE:0cxx_binary_literals
    Feature record: CXX_FEATURE:1cxx_constexpr
    Feature record: CXX_FEATURE:0cxx_contextual_conversions
    Feature record: CXX_FEATURE:1cxx_decltype
    Feature record: CXX_FEATURE:0cxx_decltype_auto
    Feature record: CXX_FEATURE:1cxx_decltype_incomplete_return_types
    Feature record: CXX_FEATURE:1cxx_default_function_template_args
    Feature record: CXX_FEATURE:1cxx_defaulted_functions
    Feature record: CXX_FEATURE:1cxx_defaulted_move_initializers
    Feature record: CXX_FEATURE:1cxx_delegating_constructors
    Feature record: CXX_FEATURE:1cxx_deleted_functions
    Feature record: CXX_FEATURE:0cxx_digit_separators
    Feature record: CXX_FEATURE:1cxx_enum_forward_declarations
    Feature record: CXX_FEATURE:1cxx_explicit_conversions
    Feature record: CXX_FEATURE:1cxx_extended_friend_declarations
    Feature record: CXX_FEATURE:1cxx_extern_templates
    Feature record: CXX_FEATURE:1cxx_final
    Feature record: CXX_FEATURE:1cxx_func_identifier
    Feature record: CXX_FEATURE:1cxx_generalized_initializers
    Feature record: CXX_FEATURE:0cxx_generic_lambdas
    Feature record: CXX_FEATURE:1cxx_inheriting_constructors
    Feature record: CXX_FEATURE:1cxx_inline_namespaces
    Feature record: CXX_FEATURE:1cxx_lambdas
    Feature record: CXX_FEATURE:0cxx_lambda_init_captures
    Feature record: CXX_FEATURE:1cxx_local_type_template_args
    Feature record: CXX_FEATURE:1cxx_long_long_type
    Feature record: CXX_FEATURE:1cxx_noexcept
    Feature record: CXX_FEATURE:1cxx_nonstatic_member_init
    Feature record: CXX_FEATURE:1cxx_nullptr
    Feature record: CXX_FEATURE:1cxx_override
    Feature record: CXX_FEATURE:1cxx_range_for
    Feature record: CXX_FEATURE:1cxx_raw_string_literals
    Feature record: CXX_FEATURE:1cxx_reference_qualified_functions
    Feature record: CXX_FEATURE:0cxx_relaxed_constexpr
    Feature record: CXX_FEATURE:0cxx_return_type_deduction
    Feature record: CXX_FEATURE:1cxx_right_angle_brackets
    Feature record: CXX_FEATURE:1cxx_rvalue_references
    Feature record: CXX_FEATURE:1cxx_sizeof_member
    Feature record: CXX_FEATURE:1cxx_static_assert
    Feature record: CXX_FEATURE:1cxx_strong_enums
    Feature record: CXX_FEATURE:1cxx_template_template_parameters
    Feature record: CXX_FEATURE:1cxx_thread_local
    Feature record: CXX_FEATURE:1cxx_trailing_return_types
    Feature record: CXX_FEATURE:1cxx_unicode_literals
    Feature record: CXX_FEATURE:1cxx_uniform_initialization
    Feature record: CXX_FEATURE:1cxx_unrestricted_unions
    Feature record: CXX_FEATURE:1cxx_user_literals
    Feature record: CXX_FEATURE:0cxx_variable_templates
    Feature record: CXX_FEATURE:1cxx_variadic_macros
    Feature record: CXX_FEATURE:1cxx_variadic_templates


Detecting CXX [-std=c++98] compiler features compiled with the following output:
Change Dir: /home/zyr/yolo_ros/build/CMakeFiles/CMakeTmp

Run Build Command:"/usr/bin/make" "cmTC_36a08/fast"
/usr/bin/make -f CMakeFiles/cmTC_36a08.dir/build.make CMakeFiles/cmTC_36a08.dir/build
make[1]: 进入目录“/home/zyr/yolo_ros/build/CMakeFiles/CMakeTmp”
Building CXX object CMakeFiles/cmTC_36a08.dir/feature_tests.cxx.o
/home/zyr/anaconda3/bin/x86_64-conda-linux-gnu-c++    -fvisibility-inlines-hidden -std=c++17 -fmessage-length=0 -march=nocona -mtune=haswell -ftree-vectorize -fPIC -fstack-protector-strong -fno-plt -O2 -ffunction-sections -pipe -isystem /home/zyr/anaconda3/include    -std=c++98 -o CMakeFiles/cmTC_36a08.dir/feature_tests.cxx.o -c /home/zyr/yolo_ros/build/CMakeFiles/feature_tests.cxx
Linking CXX executable cmTC_36a08
/usr/bin/cmake -E cmake_link_script CMakeFiles/cmTC_36a08.dir/link.txt --verbose=1
/home/zyr/anaconda3/bin/x86_64-conda-linux-gnu-c++  -fvisibility-inlines-hidden -std=c++17 -fmessage-length=0 -march=nocona -mtune=haswell -ftree-vectorize -fPIC -fstack-protector-strong -fno-plt -O2 -ffunction-sections -pipe -isystem /home/zyr/anaconda3/include   -Wl,-O2 -Wl,--sort-common -Wl,--as-needed -Wl,-z,relro -Wl,-z,now -Wl,--disable-new-dtags -Wl,--gc-sections -Wl,-rpath,/home/zyr/anaconda3/lib -Wl,-rpath-link,/home/zyr/anaconda3/lib -L/home/zyr/anaconda3/lib  -rdynamic CMakeFiles/cmTC_36a08.dir/feature_tests.cxx.o  -o cmTC_36a08 
make[1]: 离开目录“/home/zyr/yolo_ros/build/CMakeFiles/CMakeTmp”


    Feature record: CXX_FEATURE:0cxx_aggregate_default_initializers
    Feature record: CXX_FEATURE:0cxx_alias_templates
    Feature record: CXX_FEATURE:0cxx_alignas
    Feature record: CXX_FEATURE:0cxx_alignof
    Feature record: CXX_FEATURE:0cxx_attributes
    Feature record: CXX_FEATURE:0cxx_attribute_deprecated
    Feature record: CXX_FEATURE:0cxx_auto_type
    Feature record: CXX_FEATURE:0cxx_binary_literals
    Feature record: CXX_FEATURE:0cxx_constexpr
    Feature record: CXX_FEATURE:0cxx_contextual_conversions
    Feature record: CXX_FEATURE:0cxx_decltype
    Feature record: CXX_FEATURE:0cxx_decltype_auto
    Feature record: CXX_FEATURE:0cxx_decltype_incomplete_return_types
    Feature record: CXX_FEATURE:0cxx_default_function_template_args
    Feature record: CXX_FEATURE:0cxx_defaulted_functions
    Feature record: CXX_FEATURE:0cxx_defaulted_move_initializers
    Feature record: CXX_FEATURE:0cxx_delegating_constructors
    Feature record: CXX_FEATURE:0cxx_deleted_functions
    Feature record: CXX_FEATURE:0cxx_digit_separators
    Feature record: CXX_FEATURE:0cxx_enum_forward_declarations
    Feature record: CXX_FEATURE:0cxx_explicit_conversions
    Feature record: CXX_FEATURE:0cxx_extended_friend_declarations
    Feature record: CXX_FEATURE:0cxx_extern_templates
    Feature record: CXX_FEATURE:0cxx_final
    Feature record: CXX_FEATURE:0cxx_func_identifier
    Feature record: CXX_FEATURE:0cxx_generalized_initializers
    Feature record: CXX_FEATURE:0cxx_generic_lambdas
    Feature record: CXX_FEATURE:0cxx_inheriting_constructors
    Feature record: CXX_FEATURE:0cxx_inline_namespaces
    Feature record: CXX_FEATURE:0cxx_lambdas
    Feature record: CXX_FEATURE:0cxx_lambda_init_captures
    Feature record: CXX_FEATURE:0cxx_local_type_template_args
    Feature record: CXX_FEATURE:0cxx_long_long_type
    Feature record: CXX_FEATURE:0cxx_noexcept
    Feature record: CXX_FEATURE:0cxx_nonstatic_member_init
    Feature record: CXX_FEATURE:0cxx_nullptr
    Feature record: CXX_FEATURE:0cxx_override
    Feature record: CXX_FEATURE:0cxx_range_for
    Feature record: CXX_FEATURE:0cxx_raw_string_literals
    Feature record: CXX_FEATURE:0cxx_reference_qualified_functions
    Feature record: CXX_FEATURE:0cxx_relaxed_constexpr
    Feature record: CXX_FEATURE:0cxx_return_type_deduction
    Feature record: CXX_FEATURE:0cxx_right_angle_brackets
    Feature record: CXX_FEATURE:0cxx_rvalue_references
    Feature record: CXX_FEATURE:0cxx_sizeof_member
    Feature record: CXX_FEATURE:0cxx_static_assert
    Feature record: CXX_FEATURE:0cxx_strong_enums
    Feature record: CXX_FEATURE:1cxx_template_template_parameters
    Feature record: CXX_FEATURE:0cxx_thread_local
    Feature record: CXX_FEATURE:0cxx_trailing_return_types
    Feature record: CXX_FEATURE:0cxx_unicode_literals
    Feature record: CXX_FEATURE:0cxx_uniform_initialization
    Feature record: CXX_FEATURE:0cxx_unrestricted_unions
    Feature record: CXX_FEATURE:0cxx_user_literals
    Feature record: CXX_FEATURE:0cxx_variable_templates
    Feature record: CXX_FEATURE:0cxx_variadic_macros
    Feature record: CXX_FEATURE:0cxx_variadic_templates
Determining if the include file pthread.h exists passed with the following output:
Change Dir: /home/zyr/yolo_ros/build/CMakeFiles/CMakeTmp

Run Build Command:"/usr/bin/make" "cmTC_d3b53/fast"
/usr/bin/make -f CMakeFiles/cmTC_d3b53.dir/build.make CMakeFiles/cmTC_d3b53.dir/build
make[1]: 进入目录“/home/zyr/yolo_ros/build/CMakeFiles/CMakeTmp”
Building C object CMakeFiles/cmTC_d3b53.dir/CheckIncludeFile.c.o
/home/zyr/anaconda3/bin/x86_64-conda-linux-gnu-cc   -march=nocona -mtune=haswell -ftree-vectorize -fPIC -fstack-protector-strong -fno-plt -O2 -ffunction-sections -pipe -isystem /home/zyr/anaconda3/include    -o CMakeFiles/cmTC_d3b53.dir/CheckIncludeFile.c.o   -c /home/zyr/yolo_ros/build/CMakeFiles/CMakeTmp/CheckIncludeFile.c
Linking C executable cmTC_d3b53
/usr/bin/cmake -E cmake_link_script CMakeFiles/cmTC_d3b53.dir/link.txt --verbose=1
/home/zyr/anaconda3/bin/x86_64-conda-linux-gnu-cc -march=nocona -mtune=haswell -ftree-vectorize -fPIC -fstack-protector-strong -fno-plt -O2 -ffunction-sections -pipe -isystem /home/zyr/anaconda3/include   -Wl,-O2 -Wl,--sort-common -Wl,--as-needed -Wl,-z,relro -Wl,-z,now -Wl,--disable-new-dtags -Wl,--gc-sections -Wl,-rpath,/home/zyr/anaconda3/lib -Wl,-rpath-link,/home/zyr/anaconda3/lib -L/home/zyr/anaconda3/lib  -rdynamic CMakeFiles/cmTC_d3b53.dir/CheckIncludeFile.c.o  -o cmTC_d3b53 
make[1]: 离开目录“/home/zyr/yolo_ros/build/CMakeFiles/CMakeTmp”


Determining if the function pthread_create exists in the pthread passed with the following output:
Change Dir: /home/zyr/yolo_ros/build/CMakeFiles/CMakeTmp

Run Build Command:"/usr/bin/make" "cmTC_75cee/fast"
/usr/bin/make -f CMakeFiles/cmTC_75cee.dir/build.make CMakeFiles/cmTC_75cee.dir/build
make[1]: 进入目录“/home/zyr/yolo_ros/build/CMakeFiles/CMakeTmp”
Building C object CMakeFiles/cmTC_75cee.dir/CheckFunctionExists.c.o
/home/zyr/anaconda3/bin/x86_64-conda-linux-gnu-cc   -march=nocona -mtune=haswell -ftree-vectorize -fPIC -fstack-protector-strong -fno-plt -O2 -ffunction-sections -pipe -isystem /home/zyr/anaconda3/include -DCHECK_FUNCTION_EXISTS=pthread_create   -o CMakeFiles/cmTC_75cee.dir/CheckFunctionExists.c.o   -c /usr/share/cmake-3.10/Modules/CheckFunctionExists.c
Linking C executable cmTC_75cee
/usr/bin/cmake -E cmake_link_script CMakeFiles/cmTC_75cee.dir/link.txt --verbose=1
/home/zyr/anaconda3/bin/x86_64-conda-linux-gnu-cc -march=nocona -mtune=haswell -ftree-vectorize -fPIC -fstack-protector-strong -fno-plt -O2 -ffunction-sections -pipe -isystem /home/zyr/anaconda3/include -DCHECK_FUNCTION_EXISTS=pthread_create  -Wl,-O2 -Wl,--sort-common -Wl,--as-needed -Wl,-z,relro -Wl,-z,now -Wl,--disable-new-dtags -Wl,--gc-sections -Wl,-rpath,/home/zyr/anaconda3/lib -Wl,-rpath-link,/home/zyr/anaconda3/lib -L/home/zyr/anaconda3/lib  -rdynamic CMakeFiles/cmTC_75cee.dir/CheckFunctionExists.c.o  -o cmTC_75cee -lpthread 
make[1]: 离开目录“/home/zyr/yolo_ros/build/CMakeFiles/CMakeTmp”


